2019-05-17 14:50:15,127 [django_file:11] [views:register] [INFO- 开始渲染并返回注册页面]
2019-05-17 14:50:36,483 [django_file:18] [views:register_handle] [INFO- 开始注册验证，应该接收postPOST]
2019-05-17 14:50:36,483 [django_file:24] [views:register_handle] [INFO- 验证数据admin111@sina.com1234567812345678]
2019-05-17 14:50:36,483 [django_file:34] [views:register_handle] [INFO- 密码加密]
2019-05-17 14:50:36,484 [django_file:39] [views:register_handle] [INFO- 创建对象]
2019-05-17 14:50:36,484 [django_file:44] [views:register_handle] [INFO- 保存数据]
2019-05-17 14:53:50,830 [django_file:11] [views:register] [INFO- 开始渲染并返回注册页面]
2019-05-17 14:53:59,309 [django_file:18] [views:register_handle] [INFO- 开始注册验证，应该接收postPOST]
2019-05-17 14:53:59,311 [django_file:24] [views:register_handle] [INFO- 验证数据admin111adminadmin]
2019-05-17 14:53:59,311 [django_file:34] [views:register_handle] [INFO- 密码加密]
2019-05-17 14:53:59,311 [django_file:39] [views:register_handle] [INFO- 创建对象]
2019-05-17 14:53:59,312 [django_file:44] [views:register_handle] [INFO- 保存数据admind033e22ae348aeb5660fc2140aec35850c4da997111]
2019-05-17 15:08:05,573 [django_file:12] [views:register] [INFO- 开始渲染并返回注册页面]
2019-05-17 15:08:06,277 [django_file:12] [views:register] [INFO- 开始渲染并返回注册页面]
2019-05-17 15:08:06,752 [django_file:12] [views:register] [INFO- 开始渲染并返回注册页面]
2019-05-17 15:08:30,261 [django_file:19] [views:register_handle] [INFO- 开始注册验证，应该接收postPOST]
2019-05-17 15:08:30,261 [django_file:25] [views:register_handle] [INFO- 验证数据admin111@sina.com1234567812345678]
2019-05-17 15:08:30,261 [django_file:35] [views:register_handle] [INFO- 密码加密]
2019-05-17 15:08:30,261 [django_file:40] [views:register_handle] [INFO- 创建对象]
2019-05-17 15:08:30,262 [django_file:45] [views:register_handle] [INFO- 保存数据admin7c222fb2927d828af22f592134e8932480637c0d111@sina.com]
2019-05-17 15:09:31,574 [django_file:19] [views:register_handle] [INFO- 开始注册验证，应该接收postPOST]
2019-05-17 15:09:31,574 [django_file:25] [views:register_handle] [INFO- 验证数据admin111@sina.com12345678#logging module from logging.handlers import SysLogHandler LOGGING = {     'version':1,     'disable_existing_loggers':False,  #是否禁用所有的已存在的日志配置      'formatters':{  #设定日志格式         'standard':{             'format':'%(asctime)s [%(name)s:%(lineno)d] [%(module)s:%(funcName)s] [%(levelname)s- %(message)s]'}     },      'filters':{  #过滤器         'require_debug_false':{             '()':'django.utils.log.RequireDebugFalse',         }     },      'handlers':{  #处理器         'null':{             'level':'DEBUG',             'class':'logging.NullHandler',         },         'mail_admin':{  #发送邮件             'level':'ERROR',             'class':'django.utils.log.AdminEmailHandler',             'filters':['require_debug_false'],  #仅当DEBUG=false时才发送邮件.这里引用的是上边那个filters             'include_html':True         },         'debug':{  #记录到日志文件             'level':'DEBUG',             'class':'logging.handlers.RotatingFileHandler',             'encoding':'utf-8',             'filename':os.path.join(BASE_DIR,'log','debug.log'),#日志输出文件             'maxBytes':1024*1024*5, #文件大小             'backupCount':2,  #备份份数             'formatter':'standard',  #使用的日志格式         },         'console':{#输出到控制台             'level':'DEBUG',             'class':'logging.StreamHandler',             'formatter':'standard'         },     },      'loggers':{#logging管理器..这里采用了三种日志记录方式，分别是django---将日志信息输出到文件，django.request---将信息输出到控制台         'django_file':{             'handlers':['debug'],             'level':'DEBUG',             'propagate':False         },         'django_console':{             'handlers':['console'],             'level':'INFO',             'propagate':True,          },         #对于不在ALLOWED_HOSTS中的请求不发送邮件         'django.security.DisallowedHost':{             'handlers':['null'],             'propagate':False,         }      }  }]
2019-05-17 15:09:44,136 [django_file:19] [views:register_handle] [INFO- 开始注册验证，应该接收postPOST]
2019-05-17 15:09:44,136 [django_file:25] [views:register_handle] [INFO- 验证数据]
2019-05-17 15:09:44,136 [django_file:35] [views:register_handle] [INFO- 密码加密]
2019-05-17 15:09:44,136 [django_file:40] [views:register_handle] [INFO- 创建对象]
2019-05-17 15:09:44,137 [django_file:45] [views:register_handle] [INFO- 保存数据da39a3ee5e6b4b0d3255bfef95601890afd80709]
2019-05-17 15:15:43,175 [django_file:12] [views:register] [INFO- 开始渲染并返回注册页面]
2019-05-17 15:15:55,701 [django_file:19] [views:register_handle] [INFO- 开始注册验证，应该接收postPOST]
2019-05-17 15:15:55,701 [django_file:25] [views:register_handle] [INFO- 验证数据admin111@sina.com1234567812345678]
2019-05-17 15:15:55,701 [django_file:35] [views:register_handle] [INFO- 密码加密]
2019-05-17 15:15:55,701 [django_file:40] [views:register_handle] [INFO- 创建对象]
2019-05-17 15:15:55,702 [django_file:45] [views:register_handle] [INFO- 保存数据admin这是密码7c222fb2927d828af22f592134e8932480637c0d邮箱111@sina.com]
